<?xml version="1.0" encoding="UTF-8"?>
<coverage generated="1612404772480" clover="3.2.0">
  <project timestamp="1612404772480" name="All files">
    <metrics statements="23" coveredstatements="23" conditionals="2" coveredconditionals="2" methods="8" coveredmethods="8" elements="33" coveredelements="33" complexity="0" loc="23" ncloc="23" packages="1" files="5" classes="5"/>
    <file name="functions.js" path="/home/luizvicentin/Projects/Trybe/trybe_exercises/exercises/Block 10 - Automated tests with Jest/functions.js">
      <metrics statements="8" coveredstatements="8" conditionals="0" coveredconditionals="0" methods="4" coveredmethods="4"/>
      <line num="1" count="1" type="stmt"/>
      <line num="2" count="2" type="stmt"/>
      <line num="6" count="1" type="stmt"/>
      <line num="7" count="1" type="stmt"/>
      <line num="9" count="1" type="stmt"/>
      <line num="10" count="1" type="stmt"/>
      <line num="11" count="1" type="stmt"/>
      <line num="21" count="1" type="stmt"/>
    </file>
    <file name="removeSabor.js" path="/home/luizvicentin/Projects/Trybe/trybe_exercises/exercises/Block 10 - Automated tests with Jest/removeSabor.js">
      <metrics statements="4" coveredstatements="4" conditionals="0" coveredconditionals="0" methods="1" coveredmethods="1"/>
      <line num="1" count="1" type="stmt"/>
      <line num="2" count="3" type="stmt"/>
      <line num="3" count="3" type="stmt"/>
      <line num="6" count="1" type="stmt"/>
    </file>
    <file name="reversestring.js" path="/home/luizvicentin/Projects/Trybe/trybe_exercises/exercises/Block 10 - Automated tests with Jest/reversestring.js">
      <metrics statements="3" coveredstatements="3" conditionals="0" coveredconditionals="0" methods="1" coveredmethods="1"/>
      <line num="1" count="1" type="stmt"/>
      <line num="2" count="2" type="stmt"/>
      <line num="8" count="1" type="stmt"/>
    </file>
    <file name="sum.js" path="/home/luizvicentin/Projects/Trybe/trybe_exercises/exercises/Block 10 - Automated tests with Jest/sum.js">
      <metrics statements="2" coveredstatements="2" conditionals="0" coveredconditionals="0" methods="1" coveredmethods="1"/>
      <line num="1" count="1" type="stmt"/>
      <line num="3" count="1" type="stmt"/>
    </file>
    <file name="verificaNumeros.js" path="/home/luizvicentin/Projects/Trybe/trybe_exercises/exercises/Block 10 - Automated tests with Jest/verificaNumeros.js">
      <metrics statements="6" coveredstatements="6" conditionals="2" coveredconditionals="2" methods="1" coveredmethods="1"/>
      <line num="1" count="1" type="stmt"/>
      <line num="2" count="3" type="stmt"/>
      <line num="3" count="9" type="cond" truecount="2" falsecount="0"/>
      <line num="4" count="2" type="stmt"/>
      <line num="7" count="1" type="stmt"/>
      <line num="10" count="1" type="stmt"/>
    </file>
  </project>
</coverage>
