{"/home/luizvicentin/Projects/Trybe/trybe_exercises/exercises/Block 10 - Automated tests with Jest/chunk.js": {"path":"/home/luizvicentin/Projects/Trybe/trybe_exercises/exercises/Block 10 - Automated tests with Jest/chunk.js","statementMap":{"0":{"start":{"line":1,"column":19},"end":{"line":19,"column":3}},"1":{"start":{"line":3,"column":23},"end":{"line":3,"column":25}},"2":{"start":{"line":6,"column":4},"end":{"line":16,"column":7}},"3":{"start":{"line":8,"column":19},"end":{"line":8,"column":52}},"4":{"start":{"line":11,"column":6},"end":{"line":15,"column":7}},"5":{"start":{"line":12,"column":8},"end":{"line":12,"column":31}},"6":{"start":{"line":14,"column":8},"end":{"line":14,"column":23}},"7":{"start":{"line":18,"column":4},"end":{"line":18,"column":22}},"8":{"start":{"line":21,"column":2},"end":{"line":21,"column":30}}},"fnMap":{"0":{"name":"(anonymous_0)","decl":{"start":{"line":1,"column":19},"end":{"line":1,"column":20}},"loc":{"start":{"line":1,"column":33},"end":{"line":19,"column":3}},"line":1},"1":{"name":"(anonymous_1)","decl":{"start":{"line":6,"column":16},"end":{"line":6,"column":17}},"loc":{"start":{"line":6,"column":23},"end":{"line":16,"column":5}},"line":6}},"branchMap":{"0":{"loc":{"start":{"line":11,"column":6},"end":{"line":15,"column":7}},"type":"if","locations":[{"start":{"line":11,"column":6},"end":{"line":15,"column":7}},{"start":{"line":11,"column":6},"end":{"line":15,"column":7}}],"line":11},"1":{"loc":{"start":{"line":11,"column":10},"end":{"line":11,"column":38}},"type":"binary-expr","locations":[{"start":{"line":11,"column":10},"end":{"line":11,"column":15}},{"start":{"line":11,"column":19},"end":{"line":11,"column":38}}],"line":11}},"s":{"0":1,"1":2,"2":2,"3":13,"4":13,"5":8,"6":5,"7":2,"8":1},"f":{"0":2,"1":13},"b":{"0":[8,5],"1":[13,11]},"_coverageSchema":"1a1c01bbd47fc00a2c39e90264f33305004495a9","hash":"34983b9a886804b687408163890783c9199fe229"}
,"/home/luizvicentin/Projects/Trybe/trybe_exercises/exercises/Block 10 - Automated tests with Jest/functions.js": {"path":"/home/luizvicentin/Projects/Trybe/trybe_exercises/exercises/Block 10 - Automated tests with Jest/functions.js","statementMap":{"0":{"start":{"line":1,"column":18},"end":{"line":18,"column":1}},"1":{"start":{"line":2,"column":25},"end":{"line":2,"column":36}},"2":{"start":{"line":6,"column":18},"end":{"line":6,"column":22}},"3":{"start":{"line":7,"column":21},"end":{"line":7,"column":22}},"4":{"start":{"line":9,"column":19},"end":{"line":9,"column":40}},"5":{"start":{"line":10,"column":6},"end":{"line":10,"column":36}},"6":{"start":{"line":11,"column":6},"end":{"line":11,"column":18}},"7":{"start":{"line":21,"column":0},"end":{"line":21,"column":27}}},"fnMap":{"0":{"name":"(anonymous_0)","decl":{"start":{"line":2,"column":9},"end":{"line":2,"column":10}},"loc":{"start":{"line":2,"column":25},"end":{"line":2,"column":36}},"line":2},"1":{"name":"(anonymous_1)","decl":{"start":{"line":6,"column":12},"end":{"line":6,"column":13}},"loc":{"start":{"line":6,"column":18},"end":{"line":6,"column":22}},"line":6},"2":{"name":"(anonymous_2)","decl":{"start":{"line":7,"column":16},"end":{"line":7,"column":17}},"loc":{"start":{"line":7,"column":21},"end":{"line":7,"column":22}},"line":7},"3":{"name":"(anonymous_3)","decl":{"start":{"line":8,"column":16},"end":{"line":8,"column":17}},"loc":{"start":{"line":8,"column":22},"end":{"line":12,"column":5}},"line":8}},"branchMap":{},"s":{"0":1,"1":2,"2":1,"3":1,"4":1,"5":1,"6":1,"7":1},"f":{"0":2,"1":1,"2":1,"3":1},"b":{},"_coverageSchema":"1a1c01bbd47fc00a2c39e90264f33305004495a9","hash":"04f3921a4b04697cccc9356381b2cb62f436315f"}
,"/home/luizvicentin/Projects/Trybe/trybe_exercises/exercises/Block 10 - Automated tests with Jest/removeSabor.js": {"path":"/home/luizvicentin/Projects/Trybe/trybe_exercises/exercises/Block 10 - Automated tests with Jest/removeSabor.js","statementMap":{"0":{"start":{"line":1,"column":21},"end":{"line":4,"column":1}},"1":{"start":{"line":2,"column":4},"end":{"line":2,"column":49}},"2":{"start":{"line":3,"column":4},"end":{"line":3,"column":17}},"3":{"start":{"line":6,"column":0},"end":{"line":6,"column":30}}},"fnMap":{"0":{"name":"(anonymous_0)","decl":{"start":{"line":1,"column":21},"end":{"line":1,"column":22}},"loc":{"start":{"line":1,"column":41},"end":{"line":4,"column":1}},"line":1}},"branchMap":{},"s":{"0":1,"1":3,"2":3,"3":1},"f":{"0":3},"b":{},"_coverageSchema":"1a1c01bbd47fc00a2c39e90264f33305004495a9","hash":"96e5ba77ef9b171cd3f9d39c531a0e6fbd630564"}
,"/home/luizvicentin/Projects/Trybe/trybe_exercises/exercises/Block 10 - Automated tests with Jest/reversestring.js": {"path":"/home/luizvicentin/Projects/Trybe/trybe_exercises/exercises/Block 10 - Automated tests with Jest/reversestring.js","statementMap":{"0":{"start":{"line":1,"column":22},"end":{"line":6,"column":13}},"1":{"start":{"line":2,"column":2},"end":{"line":6,"column":13}},"2":{"start":{"line":8,"column":0},"end":{"line":8,"column":31}}},"fnMap":{"0":{"name":"(anonymous_0)","decl":{"start":{"line":1,"column":22},"end":{"line":1,"column":23}},"loc":{"start":{"line":2,"column":2},"end":{"line":6,"column":13}},"line":2}},"branchMap":{},"s":{"0":1,"1":2,"2":1},"f":{"0":2},"b":{},"_coverageSchema":"1a1c01bbd47fc00a2c39e90264f33305004495a9","hash":"4980b1c6dad1d2cd29f2a9651cc54f3adce439a9"}
,"/home/luizvicentin/Projects/Trybe/trybe_exercises/exercises/Block 10 - Automated tests with Jest/sum.js": {"path":"/home/luizvicentin/Projects/Trybe/trybe_exercises/exercises/Block 10 - Automated tests with Jest/sum.js","statementMap":{"0":{"start":{"line":1,"column":12},"end":{"line":1,"column":27}},"1":{"start":{"line":1,"column":22},"end":{"line":1,"column":27}},"2":{"start":{"line":3,"column":0},"end":{"line":3,"column":21}}},"fnMap":{"0":{"name":"(anonymous_0)","decl":{"start":{"line":1,"column":12},"end":{"line":1,"column":13}},"loc":{"start":{"line":1,"column":22},"end":{"line":1,"column":27}},"line":1}},"branchMap":{},"s":{"0":1,"1":1,"2":1},"f":{"0":1},"b":{},"_coverageSchema":"1a1c01bbd47fc00a2c39e90264f33305004495a9","hash":"b871935305aba78df790c7d0b63778d39bcfd841"}
,"/home/luizvicentin/Projects/Trybe/trybe_exercises/exercises/Block 10 - Automated tests with Jest/verificaNumeros.js": {"path":"/home/luizvicentin/Projects/Trybe/trybe_exercises/exercises/Block 10 - Automated tests with Jest/verificaNumeros.js","statementMap":{"0":{"start":{"line":1,"column":16},"end":{"line":8,"column":1}},"1":{"start":{"line":2,"column":4},"end":{"line":6,"column":5}},"2":{"start":{"line":2,"column":21},"end":{"line":2,"column":22}},"3":{"start":{"line":3,"column":8},"end":{"line":5,"column":9}},"4":{"start":{"line":4,"column":12},"end":{"line":4,"column":25}},"5":{"start":{"line":7,"column":4},"end":{"line":7,"column":16}},"6":{"start":{"line":10,"column":0},"end":{"line":10,"column":25}}},"fnMap":{"0":{"name":"(anonymous_0)","decl":{"start":{"line":1,"column":16},"end":{"line":1,"column":17}},"loc":{"start":{"line":1,"column":27},"end":{"line":8,"column":1}},"line":1}},"branchMap":{"0":{"loc":{"start":{"line":3,"column":8},"end":{"line":5,"column":9}},"type":"if","locations":[{"start":{"line":3,"column":8},"end":{"line":5,"column":9}},{"start":{"line":3,"column":8},"end":{"line":5,"column":9}}],"line":3}},"s":{"0":1,"1":3,"2":3,"3":9,"4":2,"5":1,"6":1},"f":{"0":3},"b":{"0":[2,7]},"_coverageSchema":"1a1c01bbd47fc00a2c39e90264f33305004495a9","hash":"f1602ff1aebdf6dc759107eb8fc98dcd49e878ca"}
}
