TN:
SF:functions.js
FN:2,(anonymous_0)
FN:6,(anonymous_1)
FN:7,(anonymous_2)
FN:8,(anonymous_3)
FNF:4
FNH:4
FNDA:2,(anonymous_0)
FNDA:1,(anonymous_1)
FNDA:1,(anonymous_2)
FNDA:1,(anonymous_3)
DA:1,1
DA:2,2
DA:6,1
DA:7,1
DA:9,1
DA:10,1
DA:11,1
DA:21,1
LF:8
LH:8
BRF:0
BRH:0
end_of_record
TN:
SF:removeSabor.js
FN:1,(anonymous_0)
FNF:1
FNH:1
FNDA:3,(anonymous_0)
DA:1,1
DA:2,3
DA:3,3
DA:6,1
LF:4
LH:4
BRF:0
BRH:0
end_of_record
TN:
SF:reversestring.js
FN:1,(anonymous_0)
FNF:1
FNH:1
FNDA:2,(anonymous_0)
DA:1,1
DA:2,2
DA:8,1
LF:3
LH:3
BRF:0
BRH:0
end_of_record
TN:
SF:sum.js
FN:1,(anonymous_0)
FNF:1
FNH:1
FNDA:1,(anonymous_0)
DA:1,1
DA:3,1
LF:2
LH:2
BRF:0
BRH:0
end_of_record
TN:
SF:verificaNumeros.js
FN:1,(anonymous_0)
FNF:1
FNH:1
FNDA:3,(anonymous_0)
DA:1,1
DA:2,3
DA:3,9
DA:4,2
DA:7,1
DA:10,1
LF:6
LH:6
BRDA:3,0,0,2
BRDA:3,0,1,7
BRF:2
BRH:2
end_of_record
